<?xml version="1.0" encoding="UTF-8"?>
<!-- Generated by org.testng.reporters.JUnitReportReporter -->
<testsuite hostname="DESKTOP-0MHP5IB" failures="0" tests="1" name="com.amazon.TestScripts.VerifyPriceForProducts_E" time="87.968" errors="0" timestamp="2022-03-02T11:19:26 EST" skipped="0">
  <testcase classname="com.amazon.TestScripts.VerifyPriceForProducts_E" name="verifyProductPrice" time="87.968"/>
  <system-out/>
</testsuite> <!-- com.amazon.TestScripts.VerifyPriceForProducts_E -->
